<?xml version="1.0" encoding="UTF-8"?>
<!-- Generated by org.testng.reporters.JUnitReportReporter -->
<testsuite hostname="LAPTOP-73D07K9V" failures="0" tests="1" name="com.expleo.xe.testrunner.TestRunner" time="0.008" errors="0" timestamp="2021-10-20T11:19:36 BST" skipped="0">
  <testcase classname="com.expleo.xe.testrunner.TestRunner" name="feature" time="0.008"/>
  <system-out/>
</testsuite> <!-- com.expleo.xe.testrunner.TestRunner -->
