<?xml version="1.0" encoding="UTF-8"?>
<!-- Generated by org.testng.reporters.JUnitReportReporter -->
<testsuite hostname="LAPTOP-73D07K9V" failures="0" tests="2" name="com.expleo.xe.pages.HomePage" time="35.235" errors="0" timestamp="2021-10-18T13:55:56 BST" skipped="0">
  <testcase classname="com.expleo.xe.pages.HomePage" name="navigateToURL" time="17.325"/>
  <system-out/>
  <testcase classname="com.expleo.xe.pages.HomePage" name="navigateToURL" time="17.910"/>
  <system-out/>
</testsuite> <!-- com.expleo.xe.pages.HomePage -->
