<?xml version="1.0" encoding="UTF-8"?>
<!-- Generated by org.testng.reporters.JUnitReportReporter -->
<testsuite skipped="0" hostname="LAPTOP-73D07K9V" name="com.expleo.xe.testng.ValidateHomePage" tests="5" failures="0" timestamp="2021-10-20T13:11:55 BST" time="98.824" errors="0">
  <testcase name="testHomeObjects" time="21.887" classname="com.expleo.xe.testng.ValidateHomePage"/>
  <system-out/>
  <testcase name="testHomeObjects" time="19.161" classname="com.expleo.xe.testng.ValidateHomePage"/>
  <system-out/>
  <testcase name="testHomeObjects" time="19.606" classname="com.expleo.xe.testng.ValidateHomePage"/>
  <system-out/>
  <testcase name="testHomeObjects" time="18.530" classname="com.expleo.xe.testng.ValidateHomePage"/>
  <system-out/>
  <testcase name="testHomeObjects" time="19.640" classname="com.expleo.xe.testng.ValidateHomePage"/>
  <system-out/>
</testsuite> <!-- com.expleo.xe.testng.ValidateHomePage -->
